<?xml version="1.0" encoding="UTF-8"?>
<!-- Generated by org.testng.reporters.JUnitReportReporter -->
<testsuite hostname="Aylen" failures="0" tests="1" name="stepDefinition.RunCukesTest" time="0.008" errors="0" timestamp="2022-03-20T18:22:07 PYST" skipped="0">
  <testcase classname="stepDefinition.RunCukesTest" name="feature" time="0.008"/>
  <system-out/>
</testsuite> <!-- stepDefinition.RunCukesTest -->
